<?xml version="1.0" encoding="UTF-8"?>
<testng-results ignored="0" total="1" passed="1" failed="0" skipped="0">
  <reporter-output>
  </reporter-output>
  <suite started-at="2025-07-02T23:03:27 IST" name="Default suite" finished-at="2025-07-02T23:03:39 IST" duration-ms="11438">
    <groups>
    </groups>
    <test started-at="2025-07-02T23:03:27 IST" name="Default test" finished-at="2025-07-02T23:03:39 IST" duration-ms="11438">
      <class name="mavenProject.ExtentReports.ExtentReportsDemo">
        <test-method is-config="true" signature="config()[pri:0, instance:mavenProject.ExtentReports.ExtentReportsDemo@7a8c8dcf]" started-at="2025-07-02T23:03:27 IST" name="config" finished-at="2025-07-02T23:03:28 IST" duration-ms="917" status="PASS">
          <reporter-output>
          </reporter-output>
        </test-method> <!-- config -->
        <test-method signature="initialDemo()[pri:0, instance:mavenProject.ExtentReports.ExtentReportsDemo@7a8c8dcf]" started-at="2025-07-02T23:03:28 IST" name="initialDemo" finished-at="2025-07-02T23:03:39 IST" duration-ms="10329" status="PASS">
          <reporter-output>
          </reporter-output>
        </test-method> <!-- initialDemo -->
      </class> <!-- mavenProject.ExtentReports.ExtentReportsDemo -->
    </test> <!-- Default test -->
  </suite> <!-- Default suite -->
</testng-results>
