<?xml version="1.0" encoding="UTF-8"?>
<testng-results ignored="0" total="1" passed="1" failed="0" skipped="0">
  <reporter-output>
  </reporter-output>
  <suite started-at="2025-07-26T23:03:22 IST" name="Default suite" finished-at="2025-07-26T23:03:34 IST" duration-ms="12413">
    <groups>
    </groups>
    <test started-at="2025-07-26T23:03:22 IST" name="Default test" finished-at="2025-07-26T23:03:34 IST" duration-ms="12413">
      <class name="mavenProject.ExtentReports.ExtentReportsDemo">
        <test-method is-config="true" signature="config()[pri:0, instance:mavenProject.ExtentReports.ExtentReportsDemo@24aed80c]" started-at="2025-07-26T23:03:22 IST" name="config" finished-at="2025-07-26T23:03:23 IST" duration-ms="753" status="PASS">
          <reporter-output>
          </reporter-output>
        </test-method> <!-- config -->
        <test-method signature="initialDemo()[pri:0, instance:mavenProject.ExtentReports.ExtentReportsDemo@24aed80c]" started-at="2025-07-26T23:03:23 IST" name="initialDemo" finished-at="2025-07-26T23:03:34 IST" duration-ms="11531" status="PASS">
          <reporter-output>
          </reporter-output>
        </test-method> <!-- initialDemo -->
      </class> <!-- mavenProject.ExtentReports.ExtentReportsDemo -->
    </test> <!-- Default test -->
  </suite> <!-- Default suite -->
</testng-results>
